06 Sep 2013 16:37:38,014 [APP   ]  - [JDBJ]            SELECT OMENHV,OMDATP,OMSRVR,OMDATB,OMOOWN,OMDLLNAME,OMLL,OMLIB,OMOMUI,OMOMTO,OMOMDS,OMOMJD,OMOMCC,OMDSTP,OMPID,OMDATUSE,OMUSER,OMOCM1,OMJOBN,OMOCM2,OMUPMJ,OMOCM3,OMUPMT,OMOCMA,OMOCMB,OMOCMC,OMOCMDSC,OMSVRPORT,OMDATB2,OMLOBFLG,OMUNICODE,OMDBINST FROM SY910.F98611 WHERE (OMDATP = ? ) 
06 Sep 2013 16:37:38,015 [APP   ]  - [JDBJ]             SQL statement parameter marker values are :  
06 Sep 2013 16:37:38,015 [APP   ]  - [JDBJ]             Param1 : Local - DV910                 _Types.VARCHAR, 
06 Sep 2013 16:37:38,271 [APP   ]  - [JDBJ]            SELECT OMENHV,OMAPPLID,OMOBNM,OMDATP,OMDATS,OMUGRP,OMOAPP,OMDATM,OMOVRE,OMSY,OMSTSO,OMPID,OMFUNO,OMUSER,OMOCM1,OMJOBN,OMOCM2,OMUPMJ,OMOCM3,OMUPMT,OMOCMA,OMOCMB,OMOCMC,OMOCMDSC FROM SY910.F986101 WHERE ((OMSTSO = ?  AND OMENHV = ?  AND OMUGRP = ? )) 
06 Sep 2013 16:37:38,272 [APP   ]  - [JDBJ]             SQL statement parameter marker values are :  
06 Sep 2013 16:37:38,272 [APP   ]  - [JDBJ]             Param1 : AV_Types.VARCHAR, 
06 Sep 2013 16:37:38,273 [APP   ]  - [JDBJ]             Param2 : DV910     _Types.VARCHAR, 
06 Sep 2013 16:37:38,273 [APP   ]  - [JDBJ]             Param3 : SAHME     _Types.VARCHAR, 
06 Sep 2013 16:37:38,304 [APP   ]  - [JDBJ]            SELECT OMENHV,OMAPPLID,OMOBNM,OMDATP,OMDATS,OMUGRP,OMOAPP,OMDATM,OMOVRE,OMSY,OMSTSO,OMPID,OMFUNO,OMUSER,OMOCM1,OMJOBN,OMOCM2,OMUPMJ,OMOCM3,OMUPMT,OMOCMA,OMOCMB,OMOCMC,OMOCMDSC FROM SY910.F986101 WHERE ((OMSTSO = ?  AND OMENHV = ?  AND OMUGRP = ? )) 
06 Sep 2013 16:37:38,304 [APP   ]  - [JDBJ]             SQL statement parameter marker values are :  
06 Sep 2013 16:37:38,305 [APP   ]  - [JDBJ]             Param1 : AV_Types.VARCHAR, 
06 Sep 2013 16:37:38,305 [APP   ]  - [JDBJ]             Param2 : DV910     _Types.VARCHAR, 
06 Sep 2013 16:37:38,305 [APP   ]  - [JDBJ]             Param3 : *PUBLIC   _Types.VARCHAR, 
06 Sep 2013 16:37:39,028 [APP   ]  - [JDBJ]            SELECT OMENHV,OMDATP,OMSRVR,OMDATB,OMOOWN,OMDLLNAME,OMLL,OMLIB,OMOMUI,OMOMTO,OMOMDS,OMOMJD,OMOMCC,OMDSTP,OMPID,OMDATUSE,OMUSER,OMOCM1,OMJOBN,OMOCM2,OMUPMJ,OMOCM3,OMUPMT,OMOCMA,OMOCMB,OMOCMC,OMOCMDSC,OMSVRPORT,OMDATB2,OMLOBFLG,OMUNICODE,OMDBINST FROM SY910.F98611 WHERE (OMDATP = ? ) 
06 Sep 2013 16:37:39,028 [APP   ]  - [JDBJ]             SQL statement parameter marker values are :  
06 Sep 2013 16:37:39,028 [APP   ]  - [JDBJ]             Param1 : Business Data - TEST          _Types.VARCHAR, 
06 Sep 2013 16:37:39,044 [APP   ]  - [JDBJ]            SELECT OMENHV,OMDATP,OMSRVR,OMDATB,OMOOWN,OMDLLNAME,OMLL,OMLIB,OMOMUI,OMOMTO,OMOMDS,OMOMJD,OMOMCC,OMDSTP,OMPID,OMDATUSE,OMUSER,OMOCM1,OMJOBN,OMOCM2,OMUPMJ,OMOCM3,OMUPMT,OMOCMA,OMOCMB,OMOCMC,OMOCMDSC,OMSVRPORT,OMDATB2,OMLOBFLG,OMUNICODE,OMDBINST FROM SY910.F98611 WHERE (OMDATP = ? ) 
06 Sep 2013 16:37:39,044 [APP   ]  - [JDBJ]             SQL statement parameter marker values are :  
06 Sep 2013 16:37:39,045 [APP   ]  - [JDBJ]             Param1 : Object Librarian - 910        _Types.VARCHAR, 
06 Sep 2013 16:37:39,056 [APP   ]  - [JDBJ]            SELECT *  FROM OL910.F9860 WHERE (SIOBNM = ? ) 
06 Sep 2013 16:37:39,056 [APP   ]  - [JDBJ]             SQL statement parameter marker values are :  
06 Sep 2013 16:37:39,057 [APP   ]  - [JDBJ]             Param1 : F95820A   _Types.VARCHAR, 
06 Sep 2013 16:37:39,067 [APP   ]  - [JDBJ]            SELECT OMENHV,OMDATP,OMSRVR,OMDATB,OMOOWN,OMDLLNAME,OMLL,OMLIB,OMOMUI,OMOMTO,OMOMDS,OMOMJD,OMOMCC,OMDSTP,OMPID,OMDATUSE,OMUSER,OMOCM1,OMJOBN,OMOCM2,OMUPMJ,OMOCM3,OMUPMT,OMOCMA,OMOCMB,OMOCMC,OMOCMDSC,OMSVRPORT,OMDATB2,OMLOBFLG,OMUNICODE,OMDBINST FROM SY910.F98611 WHERE (OMDATP = ? ) 
06 Sep 2013 16:37:39,068 [APP   ]  - [JDBJ]             SQL statement parameter marker values are :  
06 Sep 2013 16:37:39,068 [APP   ]  - [JDBJ]             Param1 : System - 910                  _Types.VARCHAR, 
06 Sep 2013 16:37:39,097 [APP   ]  - [JDBJ]            SELECT TPTXTSEURL,TPTXTENGSL FROM SY910.F95820A WHERE (TPTXTPRTYP = ? ) 
06 Sep 2013 16:37:39,098 [APP   ]  - [JDBJ]             SQL statement parameter marker values are :  
06 Sep 2013 16:37:39,098 [APP   ]  - [JDBJ]             Param1 : 0_Types.INTEGER, 
06 Sep 2013 16:37:39,113 [APP   ]  - [JDBJ]            SELECT TPTXTBSVW,TPTXTDAT,TPTXTMAX FROM SY910.F95820A WHERE (TPTXTPRTYP = ? ) 
06 Sep 2013 16:37:39,113 [APP   ]  - [JDBJ]             SQL statement parameter marker values are :  
06 Sep 2013 16:37:39,113 [APP   ]  - [JDBJ]             Param1 : 1_Types.INTEGER, 
06 Sep 2013 16:37:39,117 [APP   ]  - [JDBJ]            SELECT TPTXTBSVW,TPTXTDAT,TPTXTMAX FROM SY910.F95820A WHERE (TPTXTPRTYP = ? ) 
06 Sep 2013 16:37:39,117 [APP   ]  - [JDBJ]             SQL statement parameter marker values are :  
06 Sep 2013 16:37:39,118 [APP   ]  - [JDBJ]             Param1 : 0_Types.INTEGER, 
06 Sep 2013 16:37:39,288 [APP   ]  - [JDBJ]            SELECT CCCO,CCCRCD,CCCRYR,CCBKTX,CCABIN FROM TESTDTA.F0010 WHERE (CCCO = ? ) 
06 Sep 2013 16:37:39,288 [APP   ]  - [JDBJ]             SQL statement parameter marker values are :  
06 Sep 2013 16:37:39,289 [APP   ]  - [JDBJ]             Param1 : 00000_Types.VARCHAR, 
06 Sep 2013 16:37:39,474 [APP   ]  - [JDBJ]            SELECT FSSETY,FSUSER,FSOBNM,FSDTAI,FSOWDI,FSFUNO,FSFRDV,FSTHDV,FSINSL,FSRUN,FSVWYN,FSIUPT,FSA,FSCHNG,FSDLT,FSATN3,FSIOK,FSICPY,FSATN1,FSATN2,FSADDC,FSUPMT,FSEXITID,FSTABID,FSFMNM,FSSY,FSOBID,FSPTH FROM SY910.F00950 WHERE ((FSUSER = ? )) 
06 Sep 2013 16:37:39,474 [APP   ]  - [JDBJ]             SQL statement parameter marker values are :  
06 Sep 2013 16:37:39,474 [APP   ]  - [JDBJ]             Param1 : EXCLUSIVE _Types.VARCHAR, 
06 Sep 2013 16:37:39,491 [APP   ]  - [JDBJ]            An exclusive row security entry was found.  Inclusive row security is in effect., User = SAHME, Environment: DV910, Role:*ALL 
06 Sep 2013 16:37:39,629 [APP   ]  - [JDBJ]            SELECT LMLL,LMRLS,LMPATHCD,LMENHV01 FROM SY910.F00941 WHERE (LMLL = ? ) 
06 Sep 2013 16:37:39,630 [APP   ]  - [JDBJ]             SQL statement parameter marker values are :  
06 Sep 2013 16:37:39,630 [APP   ]  - [JDBJ]             Param1 : DV910     _Types.VARCHAR, 
06 Sep 2013 16:37:39,647 [APP   ]  - [JDBJ]            SELECT EMPATHCD,EMDL01,EMMKEY,EMSERSHP,EMSTCE,EMMRGOPT,EMRLS,EMJDEDBTYP,EMDATS,EMINSPAR,EMUNCFLG,EMPID,EMUSER,EMUPMJ,EMUPMT,EMDBSY FROM SY910.F00942 WHERE (EMPATHCD = ? ) 
06 Sep 2013 16:37:39,647 [APP   ]  - [JDBJ]             SQL statement parameter marker values are :  
06 Sep 2013 16:37:39,647 [APP   ]  - [JDBJ]             Param1 : DV910     _Types.VARCHAR, 
06 Sep 2013 16:37:39,782 [MANDATORY]  - [JDBJ]            This server is running as part of a H4A, Mobile, or StandAlone Win32 E1 client. 
06 Sep 2013 16:37:39,783 [MANDATORY]  - [JDBJ]            The attached Win32 E1 Development Client will notify this server when to regenerate Serialized Objects automatically. 
06 Sep 2013 16:37:39,790 [APP   ]  - [JDBJ]            SELECT LMLL,LMRLS,LMPATHCD,LMENHV01 FROM SY910.F00941 WHERE (LMLL = ? ) 
06 Sep 2013 16:37:39,798 [APP   ]  - [JDBJ]             SQL statement parameter marker values are :  
06 Sep 2013 16:37:39,798 [APP   ]  - [JDBJ]             Param1 : DV910     _Types.VARCHAR, 
06 Sep 2013 16:37:39,813 [APP   ]  - [JDBJ]            SELECT EMPATHCD,EMDL01,EMMKEY,EMSERSHP,EMSTCE,EMMRGOPT,EMRLS,EMJDEDBTYP,EMDATS,EMINSPAR,EMUNCFLG,EMPID,EMUSER,EMUPMJ,EMUPMT,EMDBSY FROM SY910.F00942 WHERE (EMPATHCD = ? ) 
06 Sep 2013 16:37:39,813 [APP   ]  - [JDBJ]             SQL statement parameter marker values are :  
06 Sep 2013 16:37:39,814 [APP   ]  - [JDBJ]             Param1 : DV910     _Types.VARCHAR, 
06 Sep 2013 16:37:39,817 [MANDATORY]  - [JDBJ]            This server will use the the <E1 Client Install Location>/DV910/spec/spec.ini file to access the package specs for on-demand generation. 
06 Sep 2013 16:37:40,588 [APP   ]  - [JDBJ]            SELECT T0.WBJPO,T0.WBUID,T0.WBOID,T0.WBLNGPREF,T0.WBJVER FROM JDELocal_DV910.F989999 T0, JDELocal_DV910.F989998 T1  WHERE ((T1.WBJOBID = ?  AND T0.WBUID = ? )) AND (T0.WBOID = T1.WBOID) 
06 Sep 2013 16:37:40,588 [APP   ]  - [JDBJ]             SQL statement parameter marker values are :  
06 Sep 2013 16:37:40,589 [APP   ]  - [JDBJ]             Param1 : TABLE-F0092_Types.LONGVARCHAR, 
06 Sep 2013 16:37:40,589 [APP   ]  - [JDBJ]             Param2 : DEFAULT             _Types.VARCHAR, 
06 Sep 2013 16:37:43,757 [APP   ]  - [JDBJ]            SELECT FSSETY,FSUSER,FSOBNM,FSDTAI,FSOWDI,FSFUNO,FSFRDV,FSTHDV,FSINSL,FSRUN,FSVWYN,FSIUPT,FSA,FSCHNG,FSDLT,FSATN3,FSIOK,FSICPY,FSATN1,FSATN2,FSADDC,FSUPMT,FSEXITID,FSTABID,FSFMNM,FSSY,FSOBID,FSPTH FROM SY910.F00950 WHERE ((FSUSER = ? )) 
06 Sep 2013 16:37:43,757 [APP   ]  - [JDBJ]             SQL statement parameter marker values are :  
06 Sep 2013 16:37:43,758 [APP   ]  - [JDBJ]             Param1 : SAHME     _Types.VARCHAR, 
06 Sep 2013 16:37:43,863 [APP   ]  - [JDBJ]            SELECT T1.RLFRROLE,T1.RLFUROLE1,T2.AUROLEDESC,T1.RLEXPIRDATE,T2.AUSEQNO,T2.AULNGP,T2.AUUSER FROM SY910.F0093 T0, SY910.F95921 T1, SY910.F00926 T2  WHERE ((T1.RLTOROLE = ?  AND T0.LLLL = ?  AND (T2.AULNGP = ? ) AND T1.RLEFFDATE <= ?  AND (T1.RLEXPIRDATE = ?  OR T1.RLEXPIRDATE > ? ) AND T1.RLFUROLE1 = ? )) AND (T0.LLUSER = T1.RLFRROLE AND T1.RLFRROLE = T2.AUUSER) ORDER BY T2.AUSEQNO DESC  
06 Sep 2013 16:37:43,863 [APP   ]  - [JDBJ]             SQL statement parameter marker values are :  
06 Sep 2013 16:37:43,864 [APP   ]  - [JDBJ]             Param1 : SAHME          _Types.VARCHAR, 
06 Sep 2013 16:37:43,864 [APP   ]  - [JDBJ]             Param2 : DV910     _Types.VARCHAR, 
06 Sep 2013 16:37:43,864 [APP   ]  - [JDBJ]             Param3 :   _Types.VARCHAR, 
06 Sep 2013 16:37:43,865 [APP   ]  - [JDBJ]             Param4 : 113249_Types.INTEGER, 
06 Sep 2013 16:37:43,865 [APP   ]  - [JDBJ]             Param5 : 0_Types.INTEGER, 
06 Sep 2013 16:37:43,866 [APP   ]  - [JDBJ]             Param6 : 113249_Types.INTEGER, 
06 Sep 2013 16:37:43,866 [APP   ]  - [JDBJ]             Param7 : 1_Types.VARCHAR, 
06 Sep 2013 16:37:43,881 [APP   ]  - [JDBJ]            SELECT FSSETY,FSUSER,FSOBNM,FSDTAI,FSOWDI,FSFUNO,FSFRDV,FSTHDV,FSINSL,FSRUN,FSVWYN,FSIUPT,FSA,FSCHNG,FSDLT,FSATN3,FSIOK,FSICPY,FSATN1,FSATN2,FSADDC,FSUPMT,FSEXITID,FSTABID,FSFMNM,FSSY,FSOBID,FSPTH FROM SY910.F00950 WHERE ((FSUSER = ? )) 
06 Sep 2013 16:37:43,882 [APP   ]  - [JDBJ]             SQL statement parameter marker values are :  
06 Sep 2013 16:37:43,882 [APP   ]  - [JDBJ]             Param1 : DEVMGR    _Types.VARCHAR, 
06 Sep 2013 16:37:43,915 [APP   ]  - [JDBJ]            SELECT FSSETY,FSUSER,FSOBNM,FSDTAI,FSOWDI,FSFUNO,FSFRDV,FSTHDV,FSINSL,FSRUN,FSVWYN,FSIUPT,FSA,FSCHNG,FSDLT,FSATN3,FSIOK,FSICPY,FSATN1,FSATN2,FSADDC,FSUPMT,FSEXITID,FSTABID,FSFMNM,FSSY,FSOBID,FSPTH FROM SY910.F00950 WHERE ((FSUSER = ? )) 
06 Sep 2013 16:37:43,915 [APP   ]  - [JDBJ]             SQL statement parameter marker values are :  
06 Sep 2013 16:37:43,916 [APP   ]  - [JDBJ]             Param1 : COREDEV   _Types.VARCHAR, 
06 Sep 2013 16:37:48,065 [APP   ]  - [JDBJ]            SELECT FSSETY,FSUSER,FSOBNM,FSDTAI,FSOWDI,FSFUNO,FSFRDV,FSTHDV,FSINSL,FSRUN,FSVWYN,FSIUPT,FSA,FSCHNG,FSDLT,FSATN3,FSIOK,FSICPY,FSATN1,FSATN2,FSADDC,FSUPMT,FSEXITID,FSTABID,FSFMNM,FSSY,FSOBID,FSPTH FROM SY910.F00950 WHERE ((FSUSER = ? )) 
06 Sep 2013 16:37:48,065 [APP   ]  - [JDBJ]             SQL statement parameter marker values are :  
06 Sep 2013 16:37:48,066 [APP   ]  - [JDBJ]             Param1 : *PUBLIC   _Types.VARCHAR, 
06 Sep 2013 16:37:49,316 [APP   ]  - [JDBJ]            SELECT ULAN8,ULMSKA,ULJOBQ,ULCMDE,ULCLIB,ULMSKD,ULFSTP,ULIPGM,ULMSKJ,ULJSP,ULMSKK,ULLOD,ULLLVL,ULLMSG,ULLSEV,ULMNI,ULMTVL,ULOUTQ,ULOUTP,ULPRTL,ULPID,ULUGRP,ULUTYP,ULUSER FROM SY910.F0092 WHERE (ULUSER = ? ) 
06 Sep 2013 16:37:49,316 [APP   ]  - [JDBJ]             SQL statement parameter marker values are :  
06 Sep 2013 16:37:49,316 [APP   ]  - [JDBJ]             Param1 : SAHME     _Types.VARCHAR, 
06 Sep 2013 16:37:49,340 [APP   ]  - [JDBJ]            SELECT T0.WBJPO,T0.WBUID,T0.WBOID,T0.WBLNGPREF,T0.WBJVER FROM JDELocal_DV910.F989999 T0, JDELocal_DV910.F989998 T1  WHERE ((T1.WBJOBID = ?  AND T0.WBUID = ? )) AND (T0.WBOID = T1.WBOID) 
06 Sep 2013 16:37:49,340 [APP   ]  - [JDBJ]             SQL statement parameter marker values are :  
06 Sep 2013 16:37:49,341 [APP   ]  - [JDBJ]             Param1 : TABLE-F00921_Types.LONGVARCHAR, 
06 Sep 2013 16:37:49,341 [APP   ]  - [JDBJ]             Param2 : DEFAULT             _Types.VARCHAR, 
06 Sep 2013 16:37:49,791 [APP   ]  - [JDBJ]            SELECT ULUSER,ULLNGP,ULCO,ULFRMT,ULDSEP,ULDECF,ULVRSP,ULCUR,ULCTR,ULUTCTIME,ULTIMEFORM,ULRIGHTLEFT,ULFUTTIME4,ULFUTTIME FROM SY910.F00921 WHERE (ULUSER = ? ) 
06 Sep 2013 16:37:49,792 [APP   ]  - [JDBJ]             SQL statement parameter marker values are :  
06 Sep 2013 16:37:49,792 [APP   ]  - [JDBJ]             Param1 : SAHME     _Types.VARCHAR, 
06 Sep 2013 16:37:49,953 [APP   ]  - [JDBJ]            SELECT OMENHV,OMDATP,OMSRVR,OMDATB,OMOOWN,OMDLLNAME,OMLL,OMLIB,OMOMUI,OMOMTO,OMOMDS,OMOMJD,OMOMCC,OMDSTP,OMPID,OMDATUSE,OMUSER,OMOCM1,OMJOBN,OMOCM2,OMUPMJ,OMOCM3,OMUPMT,OMOCMA,OMOCMB,OMOCMC,OMOCMDSC,OMSVRPORT,OMDATB2,OMLOBFLG,OMUNICODE,OMDBINST FROM SY910.F98611 WHERE (OMDATP = ? ) 
06 Sep 2013 16:37:49,954 [APP   ]  - [JDBJ]             SQL statement parameter marker values are :  
06 Sep 2013 16:37:49,954 [APP   ]  - [JDBJ]             Param1 : Control Tables - Test         _Types.VARCHAR, 
06 Sep 2013 16:37:49,987 [APP   ]  - [JDBJ]            SELECT T0.WBJPO,T0.WBUID,T0.WBOID,T0.WBLNGPREF,T0.WBJVER FROM JDELocal_DV910.F989999 T0, JDELocal_DV910.F989998 T1  WHERE ((T1.WBJOBID = ?  AND T0.WBUID = ? )) AND (T0.WBOID = T1.WBOID) 
06 Sep 2013 16:37:49,987 [APP   ]  - [JDBJ]             SQL statement parameter marker values are :  
06 Sep 2013 16:37:49,987 [APP   ]  - [JDBJ]             Param1 : TABLE-F0004_Types.LONGVARCHAR, 
06 Sep 2013 16:37:49,988 [APP   ]  - [JDBJ]             Param2 : DEFAULT             _Types.VARCHAR, 
06 Sep 2013 16:37:50,274 [APP   ]  - [JDBJ]            SELECT DTDL01,DTCDL FROM TESTCTL.F0004 WHERE ((DTSY = ?  AND DTRT = ? )) 
06 Sep 2013 16:37:50,274 [APP   ]  - [JDBJ]             SQL statement parameter marker values are :  
06 Sep 2013 16:37:50,275 [APP   ]  - [JDBJ]             Param1 : 01  _Types.VARCHAR, 
06 Sep 2013 16:37:50,275 [APP   ]  - [JDBJ]             Param2 : LP_Types.VARCHAR, 
06 Sep 2013 16:37:50,309 [APP   ]  - [JDBJ]            SELECT T0.WBJPO,T0.WBUID,T0.WBOID,T0.WBLNGPREF,T0.WBJVER FROM JDELocal_DV910.F989999 T0, JDELocal_DV910.F989998 T1  WHERE ((T1.WBJOBID = ?  AND T0.WBUID = ? )) AND (T0.WBOID = T1.WBOID) 
06 Sep 2013 16:37:50,309 [APP   ]  - [JDBJ]             SQL statement parameter marker values are :  
06 Sep 2013 16:37:50,309 [APP   ]  - [JDBJ]             Param1 : TABLE-F0005_Types.LONGVARCHAR, 
06 Sep 2013 16:37:50,310 [APP   ]  - [JDBJ]             Param2 : DEFAULT             _Types.VARCHAR, 
06 Sep 2013 16:37:50,771 [APP   ]  - [JDBJ]            SELECT DRDL01,DRDL02,DRKY,DRSPHD,DRUDCO,DRHRDC FROM TESTCTL.F0005 WHERE ((DRSY = ?  AND DRRT = ?  AND DRKY = ? )) 
06 Sep 2013 16:37:50,771 [APP   ]  - [JDBJ]             SQL statement parameter marker values are :  
06 Sep 2013 16:37:50,772 [APP   ]  - [JDBJ]             Param1 : 01  _Types.VARCHAR, 
06 Sep 2013 16:37:50,772 [APP   ]  - [JDBJ]             Param2 : LP_Types.VARCHAR, 
06 Sep 2013 16:37:50,772 [APP   ]  - [JDBJ]             Param3 :           _Types.VARCHAR, 
06 Sep 2013 16:37:50,789 [APP   ]  - [JDBJ]            SELECT T0.WBJPO,T0.WBUID,T0.WBOID,T0.WBLNGPREF,T0.WBJVER FROM JDELocal_DV910.F989999 T0, JDELocal_DV910.F989998 T1  WHERE ((T1.WBJOBID = ?  AND T0.WBUID = ? )) AND (T0.WBOID = T1.WBOID) 
06 Sep 2013 16:37:50,789 [APP   ]  - [JDBJ]             SQL statement parameter marker values are :  
06 Sep 2013 16:37:50,789 [APP   ]  - [JDBJ]             Param1 : TABLE-F9861_Types.LONGVARCHAR, 
06 Sep 2013 16:37:50,790 [APP   ]  - [JDBJ]             Param2 : DEFAULT             _Types.VARCHAR, 
06 Sep 2013 16:37:51,166 [APP   ]  - [JDBJ]            SELECT SIOBNM,SIPATHCD,SISTCE FROM OL910.F9861 WHERE ((SIOBNM = ?  AND SIPATHCD = ?  AND SISTCE = ? )) 
06 Sep 2013 16:37:51,166 [APP   ]  - [JDBJ]             SQL statement parameter marker values are :  
06 Sep 2013 16:37:51,167 [APP   ]  - [JDBJ]             Param1 : F95300    _Types.VARCHAR, 
06 Sep 2013 16:37:51,167 [APP   ]  - [JDBJ]             Param2 : DV910     _Types.VARCHAR, 
06 Sep 2013 16:37:51,168 [APP   ]  - [JDBJ]             Param3 : 1_Types.VARCHAR, 
06 Sep 2013 16:37:51,193 [APP   ]  - [JDBJ]            SELECT T0.WBJPO,T0.WBUID,T0.WBOID,T0.WBLNGPREF,T0.WBJVER FROM JDELocal_DV910.F989999 T0, JDELocal_DV910.F989998 T1  WHERE ((T1.WBJOBID = ?  AND T0.WBUID = ? )) AND (T0.WBOID = T1.WBOID) 
06 Sep 2013 16:37:51,194 [APP   ]  - [JDBJ]             SQL statement parameter marker values are :  
06 Sep 2013 16:37:51,194 [APP   ]  - [JDBJ]             Param1 : TABLE-F95311_Types.LONGVARCHAR, 
06 Sep 2013 16:37:51,194 [APP   ]  - [JDBJ]             Param2 : DEFAULT             _Types.VARCHAR, 
06 Sep 2013 16:37:51,463 [APP   ]  - [JDBJ]            SELECT TSTBLGRP FROM SY910.F95311 WHERE ((TSTGKEY1 = ?  AND TSTGKEY2 = ?  AND TSTGTYP = ? )) 
06 Sep 2013 16:37:51,463 [APP   ]  - [JDBJ]             SQL statement parameter marker values are :  
06 Sep 2013 16:37:51,464 [APP   ]  - [JDBJ]             Param1 : 01                            _Types.VARCHAR, 
06 Sep 2013 16:37:51,464 [APP   ]  - [JDBJ]             Param2 : LP        _Types.VARCHAR, 
06 Sep 2013 16:37:51,464 [APP   ]  - [JDBJ]             Param3 : UDC _Types.VARCHAR, 
06 Sep 2013 16:37:51,576 [APP   ]  - [JDBJ]            SELECT T0.WBJPO,T0.WBUID,T0.WBOID,T0.WBLNGPREF,T0.WBJVER FROM JDELocal_DV910.F989999 T0, JDELocal_DV910.F989998 T1  WHERE ((T1.WBJOBID = ?  AND T0.WBUID = ? )) AND (T0.WBOID = T1.WBOID) 
06 Sep 2013 16:37:51,576 [APP   ]  - [JDBJ]             SQL statement parameter marker values are :  
06 Sep 2013 16:37:51,577 [APP   ]  - [JDBJ]             Param1 : TABLE-F00922_Types.LONGVARCHAR, 
06 Sep 2013 16:37:51,577 [APP   ]  - [JDBJ]             Param2 : DEFAULT             _Types.VARCHAR, 
06 Sep 2013 16:37:51,639 [APP   ]  - [JDBJ]            SELECT ULUSER,ULICDS,ULMLTL,ULCNFGNM,ULMKEY FROM SY910.F00922 WHERE ((ULUSER = ? )) 
06 Sep 2013 16:37:51,639 [APP   ]  - [JDBJ]             SQL statement parameter marker values are :  
06 Sep 2013 16:37:51,640 [APP   ]  - [JDBJ]             Param1 : SAHME     _Types.VARCHAR, 
06 Sep 2013 16:37:51,685 [WARN  ]  - [JAS]             SecurityServer already exists, no override allowed 
06 Sep 2013 16:37:51,944 [APP   ]  - [JDBJ]            An exclusive row security entry was found.  Inclusive row security is in effect., User = SAHME, Environment: DV910, Role:*ALL 
06 Sep 2013 16:37:51,960 [APP   ]  - [JDBJ]            SELECT T0.WBJPO,T0.WBUID,T0.WBOID,T0.WBLNGPREF,T0.WBJVER FROM JDELocal_DV910.F989999 T0, JDELocal_DV910.F989998 T1  WHERE ((T1.WBJOBID = ?  AND T0.WBUID = ? )) AND (T0.WBOID = T1.WBOID) 
06 Sep 2013 16:37:51,961 [APP   ]  - [JDBJ]             SQL statement parameter marker values are :  
06 Sep 2013 16:37:51,961 [APP   ]  - [JDBJ]             Param1 : TABLE-F00941_Types.LONGVARCHAR, 
06 Sep 2013 16:37:51,961 [APP   ]  - [JDBJ]             Param2 : DEFAULT             _Types.VARCHAR, 
06 Sep 2013 16:37:52,481 [APP   ]  - [JDBJ]            SELECT LMLL,LMRLS,LMPATHCD,LMENHV01 FROM SY910.F00941 WHERE (LMLL = ? ) 
06 Sep 2013 16:37:52,482 [APP   ]  - [JDBJ]             SQL statement parameter marker values are :  
06 Sep 2013 16:37:52,482 [APP   ]  - [JDBJ]             Param1 : DV910     _Types.VARCHAR, 
06 Sep 2013 16:37:52,699 [APP   ]  - [JDBJ]            SELECT T1.RLFRROLE,T1.RLFUROLE1,T2.AUROLEDESC,T1.RLEXPIRDATE,T2.AUSEQNO,T2.AULNGP,T2.AUUSER FROM SY910.F0093 T0, SY910.F95921 T1, SY910.F00926 T2  WHERE ((T1.RLTOROLE = ?  AND  EXISTS( SELECT T0.LLLL FROM SY910.F0093 T0, SY910.F00941 T1 WHERE ((T1.LMENHV01 = ?  AND T1.LMPATHCD IN  (  ?  )  AND T0.LLUSER = RLFRROLE)) AND (T0.LLLL = T1.LMLL) ) AND T0.LLLL = ?  AND (T2.AULNGP = ?  OR T2.AULNGP = ? ) AND T1.RLEFFDATE <= ?  AND (T1.RLEXPIRDATE = ?  OR T1.RLEXPIRDATE > ? ) AND T1.RLFUROLE1 = ? )) AND (T0.LLUSER = T1.RLFRROLE AND T1.RLFRROLE = T2.AUUSER) ORDER BY T2.AUSEQNO DESC  
06 Sep 2013 16:37:52,700 [APP   ]  - [JDBJ]             SQL statement parameter marker values are :  
06 Sep 2013 16:37:52,700 [APP   ]  - [JDBJ]             Param1 : SAHME          _Types.VARCHAR, 
06 Sep 2013 16:37:52,700 [APP   ]  - [JDBJ]             Param2 : 1   _Types.VARCHAR, 
06 Sep 2013 16:37:52,701 [APP   ]  - [JDBJ]             Param3 : DV910     _Types.VARCHAR, 
06 Sep 2013 16:37:52,701 [APP   ]  - [JDBJ]             Param4 : DV910     _Types.VARCHAR, 
06 Sep 2013 16:37:52,701 [APP   ]  - [JDBJ]             Param5 :   _Types.VARCHAR, 
06 Sep 2013 16:37:52,702 [APP   ]  - [JDBJ]             Param6 :   _Types.VARCHAR, 
06 Sep 2013 16:37:52,702 [APP   ]  - [JDBJ]             Param7 : 113249_Types.INTEGER, 
06 Sep 2013 16:37:52,702 [APP   ]  - [JDBJ]             Param8 : 0_Types.INTEGER, 
06 Sep 2013 16:37:52,703 [APP   ]  - [JDBJ]             Param9 : 113249_Types.INTEGER, 
06 Sep 2013 16:37:52,703 [APP   ]  - [JDBJ]             Param10 : 1_Types.VARCHAR, 
06 Sep 2013 16:39:45,368 [APP   ]  - [JDBJ]            SELECT T0.WBJPO,T0.WBUID,T0.WBOID,T0.WBLNGPREF,T0.WBJVER FROM JDELocal_DV910.F989999 T0, JDELocal_DV910.F989998 T1  WHERE ((T1.WBJOBID = ?  AND T0.WBUID = ? )) AND (T0.WBOID = T1.WBOID) 
06 Sep 2013 16:39:45,369 [APP   ]  - [JDBJ]             SQL statement parameter marker values are :  
06 Sep 2013 16:39:45,369 [APP   ]  - [JDBJ]             Param1 : TABLE-F560205_Types.LONGVARCHAR, 
06 Sep 2013 16:39:45,369 [APP   ]  - [JDBJ]             Param2 : DEFAULT             _Types.VARCHAR, 
06 Sep 2013 16:40:23,812 [APP   ]  - [JDBJ]            SELECT T0.WBJPO,T0.WBUID,T0.WBOID,T0.WBLNGPREF,T0.WBJVER FROM JDELocal_DV910.F989999 T0, JDELocal_DV910.F989998 T1  WHERE ((T1.WBJOBID = ?  AND T0.WBUID = ? )) AND (T0.WBOID = T1.WBOID) 
06 Sep 2013 16:40:23,812 [APP   ]  - [JDBJ]             SQL statement parameter marker values are :  
06 Sep 2013 16:40:23,812 [APP   ]  - [JDBJ]             Param1 : TABLE-F9862_Types.LONGVARCHAR, 
06 Sep 2013 16:40:23,813 [APP   ]  - [JDBJ]             Param2 : DEFAULT             _Types.VARCHAR, 
06 Sep 2013 16:40:24,123 [APP   ]  - [JDBJ]            SELECT SIOBNM,SIMD FROM OL910.F9862 WHERE (SIFCTNM = ? ) 
06 Sep 2013 16:40:24,124 [APP   ]  - [JDBJ]             SQL statement parameter marker values are :  
06 Sep 2013 16:40:24,124 [APP   ]  - [JDBJ]             Param1 : LeftJustifyUDCValue             _Types.VARCHAR, 
06 Sep 2013 16:40:24,155 [APP   ]  - [JDBJ]            SELECT OMENHV,OMDATP,OMSRVR,OMDATB,OMOOWN,OMDLLNAME,OMLL,OMLIB,OMOMUI,OMOMTO,OMOMDS,OMOMJD,OMOMCC,OMDSTP,OMPID,OMDATUSE,OMUSER,OMOCM1,OMJOBN,OMOCM2,OMUPMJ,OMOCM3,OMUPMT,OMOCMA,OMOCMB,OMOCMC,OMOCMDSC,OMSVRPORT,OMDATB2,OMLOBFLG,OMUNICODE,OMDBINST FROM SY910.F98611 WHERE (OMDATP = ? ) 
06 Sep 2013 16:40:24,155 [APP   ]  - [JDBJ]             SQL statement parameter marker values are :  
06 Sep 2013 16:40:24,156 [APP   ]  - [JDBJ]             Param1 : LOCAL                         _Types.VARCHAR, 
06 Sep 2013 16:40:24,247 [APP   ]  - [JDBJ]            SELECT SIOBNM,SIMD FROM OL910.F9862 WHERE (SIFCTNM = ? ) 
06 Sep 2013 16:40:24,248 [APP   ]  - [JDBJ]             SQL statement parameter marker values are :  
06 Sep 2013 16:40:24,248 [APP   ]  - [JDBJ]             Param1 : LeftJustifyUDCValue             _Types.VARCHAR, 
06 Sep 2013 16:40:24,324 [APP   ]  - [JDBJ]            SELECT SIOBNM,SIMD FROM OL910.F9862 WHERE (SIFCTNM = ? ) 
06 Sep 2013 16:40:24,324 [APP   ]  - [JDBJ]             SQL statement parameter marker values are :  
06 Sep 2013 16:40:24,325 [APP   ]  - [JDBJ]             Param1 : LeftJustifyUDCValue             _Types.VARCHAR, 
06 Sep 2013 16:40:24,396 [APP   ]  - [JDBJ]            SELECT SIFCTNM,SIOBNM,SIMD,SIDSTNM FROM OL910.F9862 WHERE (SIFCTNM = ? ) 
06 Sep 2013 16:40:24,397 [APP   ]  - [JDBJ]             SQL statement parameter marker values are :  
06 Sep 2013 16:40:24,397 [APP   ]  - [JDBJ]             Param1 : LeftJustifyUDCValue             _Types.VARCHAR, 
06 Sep 2013 16:40:24,409 [APP   ]  - [JDBJ]            SELECT T0.WBJPO,T0.WBUID,T0.WBOID,T0.WBLNGPREF,T0.WBJVER FROM JDELocal_DV910.F989999 T0, JDELocal_DV910.F989998 T1  WHERE ((T1.WBJOBID = ?  AND T0.WBUID = ? )) AND (T0.WBOID = T1.WBOID) 
06 Sep 2013 16:40:24,410 [APP   ]  - [JDBJ]             SQL statement parameter marker values are :  
06 Sep 2013 16:40:24,410 [APP   ]  - [JDBJ]             Param1 : TABLE-F9860_Types.LONGVARCHAR, 
06 Sep 2013 16:40:24,411 [APP   ]  - [JDBJ]             Param2 : DEFAULT             _Types.VARCHAR, 
06 Sep 2013 16:40:24,823 [APP   ]  - [JDBJ]            SELECT SIOBNM,SIPARDLL,SISY,SISYR FROM OL910.F9860 WHERE (SIOBNM = ? ) 
06 Sep 2013 16:40:24,824 [APP   ]  - [JDBJ]             SQL statement parameter marker values are :  
06 Sep 2013 16:40:24,824 [APP   ]  - [JDBJ]             Param1 : B9800150  _Types.VARCHAR, 
06 Sep 2013 16:40:24,838 [APP   ]  - [JDBJ]            SELECT WBJPO,WBUID,WBOID,WBLNGPREF,WBJVER FROM JDELocal_DV910.F989999 WHERE ((WBOID = ?  AND WBUID = ?  AND WBLNGPREF = ? )) 
06 Sep 2013 16:40:24,838 [APP   ]  - [JDBJ]             SQL statement parameter marker values are :  
06 Sep 2013 16:40:24,839 [APP   ]  - [JDBJ]             Param1 : BSFNUBEDSTR-D9800150C                             _Types.VARCHAR, 
06 Sep 2013 16:40:24,839 [APP   ]  - [JDBJ]             Param2 : DEFAULT             _Types.VARCHAR, 
06 Sep 2013 16:40:24,839 [APP   ]  - [JDBJ]             Param3 :    _Types.VARCHAR, 
06 Sep 2013 16:40:25,172 [APP   ]  - [JDBJ]            SELECT SIOBNM,SIMD FROM OL910.F9862 WHERE (SIFCTNM = ? ) 
06 Sep 2013 16:40:25,172 [APP   ]  - [JDBJ]             SQL statement parameter marker values are :  
06 Sep 2013 16:40:25,173 [APP   ]  - [JDBJ]             Param1 : LeftJustifyUDCValue             _Types.VARCHAR, 
06 Sep 2013 16:40:26,333 [APP   ]  - [JDBJ]            Object Called: B9800150.LeftJustifyUDCValue 
06 Sep 2013 18:23:58,323 [APP   ]  - [JDBJ]            SELECT OMENHV,OMDATP,OMSRVR,OMDATB,OMOOWN,OMDLLNAME,OMLL,OMLIB,OMOMUI,OMOMTO,OMOMDS,OMOMJD,OMOMCC,OMDSTP,OMPID,OMDATUSE,OMUSER,OMOCM1,OMJOBN,OMOCM2,OMUPMJ,OMOCM3,OMUPMT,OMOCMA,OMOCMB,OMOCMC,OMOCMDSC,OMSVRPORT,OMDATB2,OMLOBFLG,OMUNICODE,OMDBINST FROM SY910.F98611 WHERE (OMDATP = ? ) 
06 Sep 2013 18:23:58,324 [APP   ]  - [JDBJ]             SQL statement parameter marker values are :  
06 Sep 2013 18:23:58,324 [APP   ]  - [JDBJ]             Param1 : Local - DV910                 _Types.VARCHAR, 
06 Sep 2013 18:23:58,538 [APP   ]  - [JDBJ]            SELECT OMENHV,OMAPPLID,OMOBNM,OMDATP,OMDATS,OMUGRP,OMOAPP,OMDATM,OMOVRE,OMSY,OMSTSO,OMPID,OMFUNO,OMUSER,OMOCM1,OMJOBN,OMOCM2,OMUPMJ,OMOCM3,OMUPMT,OMOCMA,OMOCMB,OMOCMC,OMOCMDSC FROM SY910.F986101 WHERE ((OMSTSO = ?  AND OMENHV = ?  AND OMUGRP = ? )) 
06 Sep 2013 18:23:58,539 [APP   ]  - [JDBJ]             SQL statement parameter marker values are :  
06 Sep 2013 18:23:58,539 [APP   ]  - [JDBJ]             Param1 : AV_Types.VARCHAR, 
06 Sep 2013 18:23:58,539 [APP   ]  - [JDBJ]             Param2 : DV910     _Types.VARCHAR, 
06 Sep 2013 18:23:58,540 [APP   ]  - [JDBJ]             Param3 : SAHME     _Types.VARCHAR, 
06 Sep 2013 18:23:58,569 [APP   ]  - [JDBJ]            SELECT OMENHV,OMAPPLID,OMOBNM,OMDATP,OMDATS,OMUGRP,OMOAPP,OMDATM,OMOVRE,OMSY,OMSTSO,OMPID,OMFUNO,OMUSER,OMOCM1,OMJOBN,OMOCM2,OMUPMJ,OMOCM3,OMUPMT,OMOCMA,OMOCMB,OMOCMC,OMOCMDSC FROM SY910.F986101 WHERE ((OMSTSO = ?  AND OMENHV = ?  AND OMUGRP = ? )) 
06 Sep 2013 18:23:58,570 [APP   ]  - [JDBJ]             SQL statement parameter marker values are :  
06 Sep 2013 18:23:58,570 [APP   ]  - [JDBJ]             Param1 : AV_Types.VARCHAR, 
06 Sep 2013 18:23:58,570 [APP   ]  - [JDBJ]             Param2 : DV910     _Types.VARCHAR, 
06 Sep 2013 18:23:58,571 [APP   ]  - [JDBJ]             Param3 : *PUBLIC   _Types.VARCHAR, 
06 Sep 2013 18:23:59,240 [APP   ]  - [JDBJ]            SELECT OMENHV,OMDATP,OMSRVR,OMDATB,OMOOWN,OMDLLNAME,OMLL,OMLIB,OMOMUI,OMOMTO,OMOMDS,OMOMJD,OMOMCC,OMDSTP,OMPID,OMDATUSE,OMUSER,OMOCM1,OMJOBN,OMOCM2,OMUPMJ,OMOCM3,OMUPMT,OMOCMA,OMOCMB,OMOCMC,OMOCMDSC,OMSVRPORT,OMDATB2,OMLOBFLG,OMUNICODE,OMDBINST FROM SY910.F98611 WHERE (OMDATP = ? ) 
06 Sep 2013 18:23:59,240 [APP   ]  - [JDBJ]             SQL statement parameter marker values are :  
06 Sep 2013 18:23:59,240 [APP   ]  - [JDBJ]             Param1 : Business Data - TEST          _Types.VARCHAR, 
06 Sep 2013 18:23:59,260 [APP   ]  - [JDBJ]            SELECT OMENHV,OMDATP,OMSRVR,OMDATB,OMOOWN,OMDLLNAME,OMLL,OMLIB,OMOMUI,OMOMTO,OMOMDS,OMOMJD,OMOMCC,OMDSTP,OMPID,OMDATUSE,OMUSER,OMOCM1,OMJOBN,OMOCM2,OMUPMJ,OMOCM3,OMUPMT,OMOCMA,OMOCMB,OMOCMC,OMOCMDSC,OMSVRPORT,OMDATB2,OMLOBFLG,OMUNICODE,OMDBINST FROM SY910.F98611 WHERE (OMDATP = ? ) 
06 Sep 2013 18:23:59,260 [APP   ]  - [JDBJ]             SQL statement parameter marker values are :  
06 Sep 2013 18:23:59,261 [APP   ]  - [JDBJ]             Param1 : Object Librarian - 910        _Types.VARCHAR, 
06 Sep 2013 18:23:59,272 [APP   ]  - [JDBJ]            SELECT *  FROM OL910.F9860 WHERE (SIOBNM = ? ) 
06 Sep 2013 18:23:59,273 [APP   ]  - [JDBJ]             SQL statement parameter marker values are :  
06 Sep 2013 18:23:59,273 [APP   ]  - [JDBJ]             Param1 : F95820A   _Types.VARCHAR, 
06 Sep 2013 18:23:59,284 [APP   ]  - [JDBJ]            SELECT OMENHV,OMDATP,OMSRVR,OMDATB,OMOOWN,OMDLLNAME,OMLL,OMLIB,OMOMUI,OMOMTO,OMOMDS,OMOMJD,OMOMCC,OMDSTP,OMPID,OMDATUSE,OMUSER,OMOCM1,OMJOBN,OMOCM2,OMUPMJ,OMOCM3,OMUPMT,OMOCMA,OMOCMB,OMOCMC,OMOCMDSC,OMSVRPORT,OMDATB2,OMLOBFLG,OMUNICODE,OMDBINST FROM SY910.F98611 WHERE (OMDATP = ? ) 
06 Sep 2013 18:23:59,284 [APP   ]  - [JDBJ]             SQL statement parameter marker values are :  
06 Sep 2013 18:23:59,285 [APP   ]  - [JDBJ]             Param1 : System - 910                  _Types.VARCHAR, 
06 Sep 2013 18:23:59,311 [APP   ]  - [JDBJ]            SELECT TPTXTSEURL,TPTXTENGSL FROM SY910.F95820A WHERE (TPTXTPRTYP = ? ) 
06 Sep 2013 18:23:59,312 [APP   ]  - [JDBJ]             SQL statement parameter marker values are :  
06 Sep 2013 18:23:59,312 [APP   ]  - [JDBJ]             Param1 : 0_Types.INTEGER, 
06 Sep 2013 18:23:59,329 [APP   ]  - [JDBJ]            SELECT TPTXTBSVW,TPTXTDAT,TPTXTMAX FROM SY910.F95820A WHERE (TPTXTPRTYP = ? ) 
06 Sep 2013 18:23:59,330 [APP   ]  - [JDBJ]             SQL statement parameter marker values are :  
06 Sep 2013 18:23:59,330 [APP   ]  - [JDBJ]             Param1 : 1_Types.INTEGER, 
06 Sep 2013 18:23:59,333 [APP   ]  - [JDBJ]            SELECT TPTXTBSVW,TPTXTDAT,TPTXTMAX FROM SY910.F95820A WHERE (TPTXTPRTYP = ? ) 
06 Sep 2013 18:23:59,334 [APP   ]  - [JDBJ]             SQL statement parameter marker values are :  
06 Sep 2013 18:23:59,334 [APP   ]  - [JDBJ]             Param1 : 0_Types.INTEGER, 
06 Sep 2013 18:23:59,516 [APP   ]  - [JDBJ]            SELECT CCCO,CCCRCD,CCCRYR,CCBKTX,CCABIN FROM TESTDTA.F0010 WHERE (CCCO = ? ) 
06 Sep 2013 18:23:59,517 [APP   ]  - [JDBJ]             SQL statement parameter marker values are :  
06 Sep 2013 18:23:59,517 [APP   ]  - [JDBJ]             Param1 : 00000_Types.VARCHAR, 
06 Sep 2013 18:23:59,702 [APP   ]  - [JDBJ]            SELECT FSSETY,FSUSER,FSOBNM,FSDTAI,FSOWDI,FSFUNO,FSFRDV,FSTHDV,FSINSL,FSRUN,FSVWYN,FSIUPT,FSA,FSCHNG,FSDLT,FSATN3,FSIOK,FSICPY,FSATN1,FSATN2,FSADDC,FSUPMT,FSEXITID,FSTABID,FSFMNM,FSSY,FSOBID,FSPTH FROM SY910.F00950 WHERE ((FSUSER = ? )) 
06 Sep 2013 18:23:59,702 [APP   ]  - [JDBJ]             SQL statement parameter marker values are :  
06 Sep 2013 18:23:59,703 [APP   ]  - [JDBJ]             Param1 : EXCLUSIVE _Types.VARCHAR, 
06 Sep 2013 18:23:59,719 [APP   ]  - [JDBJ]            An exclusive row security entry was found.  Inclusive row security is in effect., User = SAHME, Environment: DV910, Role:*ALL 
06 Sep 2013 18:23:59,859 [APP   ]  - [JDBJ]            SELECT LMLL,LMRLS,LMPATHCD,LMENHV01 FROM SY910.F00941 WHERE (LMLL = ? ) 
06 Sep 2013 18:23:59,859 [APP   ]  - [JDBJ]             SQL statement parameter marker values are :  
06 Sep 2013 18:23:59,859 [APP   ]  - [JDBJ]             Param1 : DV910     _Types.VARCHAR, 
06 Sep 2013 18:23:59,873 [APP   ]  - [JDBJ]            SELECT EMPATHCD,EMDL01,EMMKEY,EMSERSHP,EMSTCE,EMMRGOPT,EMRLS,EMJDEDBTYP,EMDATS,EMINSPAR,EMUNCFLG,EMPID,EMUSER,EMUPMJ,EMUPMT,EMDBSY FROM SY910.F00942 WHERE (EMPATHCD = ? ) 
06 Sep 2013 18:23:59,873 [APP   ]  - [JDBJ]             SQL statement parameter marker values are :  
06 Sep 2013 18:23:59,873 [APP   ]  - [JDBJ]             Param1 : DV910     _Types.VARCHAR, 
06 Sep 2013 18:24:00,001 [MANDATORY]  - [JDBJ]            This server is running as part of a H4A, Mobile, or StandAlone Win32 E1 client. 
06 Sep 2013 18:24:00,002 [MANDATORY]  - [JDBJ]            The attached Win32 E1 Development Client will notify this server when to regenerate Serialized Objects automatically. 
06 Sep 2013 18:24:00,009 [APP   ]  - [JDBJ]            SELECT LMLL,LMRLS,LMPATHCD,LMENHV01 FROM SY910.F00941 WHERE (LMLL = ? ) 
06 Sep 2013 18:24:00,009 [APP   ]  - [JDBJ]             SQL statement parameter marker values are :  
06 Sep 2013 18:24:00,009 [APP   ]  - [JDBJ]             Param1 : DV910     _Types.VARCHAR, 
06 Sep 2013 18:24:00,020 [APP   ]  - [JDBJ]            SELECT EMPATHCD,EMDL01,EMMKEY,EMSERSHP,EMSTCE,EMMRGOPT,EMRLS,EMJDEDBTYP,EMDATS,EMINSPAR,EMUNCFLG,EMPID,EMUSER,EMUPMJ,EMUPMT,EMDBSY FROM SY910.F00942 WHERE (EMPATHCD = ? ) 
06 Sep 2013 18:24:00,020 [APP   ]  - [JDBJ]             SQL statement parameter marker values are :  
06 Sep 2013 18:24:00,020 [APP   ]  - [JDBJ]             Param1 : DV910     _Types.VARCHAR, 
06 Sep 2013 18:24:00,024 [MANDATORY]  - [JDBJ]            This server will use the the <E1 Client Install Location>/DV910/spec/spec.ini file to access the package specs for on-demand generation. 
06 Sep 2013 18:24:00,237 [APP   ]  - [JDBJ]            SELECT T0.WBJPO,T0.WBUID,T0.WBOID,T0.WBLNGPREF,T0.WBJVER FROM JDELocal_DV910.F989999 T0, JDELocal_DV910.F989998 T1  WHERE ((T1.WBJOBID = ?  AND T0.WBUID = ? )) AND (T0.WBOID = T1.WBOID) 
06 Sep 2013 18:24:00,237 [APP   ]  - [JDBJ]             SQL statement parameter marker values are :  
06 Sep 2013 18:24:00,237 [APP   ]  - [JDBJ]             Param1 : TABLE-F0092_Types.LONGVARCHAR, 
06 Sep 2013 18:24:00,238 [APP   ]  - [JDBJ]             Param2 : DEFAULT             _Types.VARCHAR, 
06 Sep 2013 18:24:00,441 [APP   ]  - [JDBJ]            SELECT FSSETY,FSUSER,FSOBNM,FSDTAI,FSOWDI,FSFUNO,FSFRDV,FSTHDV,FSINSL,FSRUN,FSVWYN,FSIUPT,FSA,FSCHNG,FSDLT,FSATN3,FSIOK,FSICPY,FSATN1,FSATN2,FSADDC,FSUPMT,FSEXITID,FSTABID,FSFMNM,FSSY,FSOBID,FSPTH FROM SY910.F00950 WHERE ((FSUSER = ? )) 
06 Sep 2013 18:24:00,441 [APP   ]  - [JDBJ]             SQL statement parameter marker values are :  
06 Sep 2013 18:24:00,442 [APP   ]  - [JDBJ]             Param1 : SAHME     _Types.VARCHAR, 
06 Sep 2013 18:24:00,503 [APP   ]  - [JDBJ]            SELECT T1.RLFRROLE,T1.RLFUROLE1,T2.AUROLEDESC,T1.RLEXPIRDATE,T2.AUSEQNO,T2.AULNGP,T2.AUUSER FROM SY910.F0093 T0, SY910.F95921 T1, SY910.F00926 T2  WHERE ((T1.RLTOROLE = ?  AND T0.LLLL = ?  AND (T2.AULNGP = ? ) AND T1.RLEFFDATE <= ?  AND (T1.RLEXPIRDATE = ?  OR T1.RLEXPIRDATE > ? ) AND T1.RLFUROLE1 = ? )) AND (T0.LLUSER = T1.RLFRROLE AND T1.RLFRROLE = T2.AUUSER) ORDER BY T2.AUSEQNO DESC  
06 Sep 2013 18:24:00,503 [APP   ]  - [JDBJ]             SQL statement parameter marker values are :  
06 Sep 2013 18:24:00,504 [APP   ]  - [JDBJ]             Param1 : SAHME          _Types.VARCHAR, 
06 Sep 2013 18:24:00,504 [APP   ]  - [JDBJ]             Param2 : DV910     _Types.VARCHAR, 
06 Sep 2013 18:24:00,504 [APP   ]  - [JDBJ]             Param3 :   _Types.VARCHAR, 
06 Sep 2013 18:24:00,505 [APP   ]  - [JDBJ]             Param4 : 113249_Types.INTEGER, 
06 Sep 2013 18:24:00,505 [APP   ]  - [JDBJ]             Param5 : 0_Types.INTEGER, 
06 Sep 2013 18:24:00,505 [APP   ]  - [JDBJ]             Param6 : 113249_Types.INTEGER, 
06 Sep 2013 18:24:00,506 [APP   ]  - [JDBJ]             Param7 : 1_Types.VARCHAR, 
06 Sep 2013 18:24:00,523 [APP   ]  - [JDBJ]            SELECT FSSETY,FSUSER,FSOBNM,FSDTAI,FSOWDI,FSFUNO,FSFRDV,FSTHDV,FSINSL,FSRUN,FSVWYN,FSIUPT,FSA,FSCHNG,FSDLT,FSATN3,FSIOK,FSICPY,FSATN1,FSATN2,FSADDC,FSUPMT,FSEXITID,FSTABID,FSFMNM,FSSY,FSOBID,FSPTH FROM SY910.F00950 WHERE ((FSUSER = ? )) 
06 Sep 2013 18:24:00,523 [APP   ]  - [JDBJ]             SQL statement parameter marker values are :  
06 Sep 2013 18:24:00,523 [APP   ]  - [JDBJ]             Param1 : DEVMGR    _Types.VARCHAR, 
06 Sep 2013 18:24:00,557 [APP   ]  - [JDBJ]            SELECT FSSETY,FSUSER,FSOBNM,FSDTAI,FSOWDI,FSFUNO,FSFRDV,FSTHDV,FSINSL,FSRUN,FSVWYN,FSIUPT,FSA,FSCHNG,FSDLT,FSATN3,FSIOK,FSICPY,FSATN1,FSATN2,FSADDC,FSUPMT,FSEXITID,FSTABID,FSFMNM,FSSY,FSOBID,FSPTH FROM SY910.F00950 WHERE ((FSUSER = ? )) 
06 Sep 2013 18:24:00,557 [APP   ]  - [JDBJ]             SQL statement parameter marker values are :  
06 Sep 2013 18:24:00,557 [APP   ]  - [JDBJ]             Param1 : COREDEV   _Types.VARCHAR, 
06 Sep 2013 18:24:04,189 [APP   ]  - [JDBJ]            SELECT FSSETY,FSUSER,FSOBNM,FSDTAI,FSOWDI,FSFUNO,FSFRDV,FSTHDV,FSINSL,FSRUN,FSVWYN,FSIUPT,FSA,FSCHNG,FSDLT,FSATN3,FSIOK,FSICPY,FSATN1,FSATN2,FSADDC,FSUPMT,FSEXITID,FSTABID,FSFMNM,FSSY,FSOBID,FSPTH FROM SY910.F00950 WHERE ((FSUSER = ? )) 
06 Sep 2013 18:24:04,190 [APP   ]  - [JDBJ]             SQL statement parameter marker values are :  
06 Sep 2013 18:24:04,190 [APP   ]  - [JDBJ]             Param1 : *PUBLIC   _Types.VARCHAR, 
06 Sep 2013 18:24:05,360 [APP   ]  - [JDBJ]            SELECT ULAN8,ULMSKA,ULJOBQ,ULCMDE,ULCLIB,ULMSKD,ULFSTP,ULIPGM,ULMSKJ,ULJSP,ULMSKK,ULLOD,ULLLVL,ULLMSG,ULLSEV,ULMNI,ULMTVL,ULOUTQ,ULOUTP,ULPRTL,ULPID,ULUGRP,ULUTYP,ULUSER FROM SY910.F0092 WHERE (ULUSER = ? ) 
06 Sep 2013 18:24:05,360 [APP   ]  - [JDBJ]             SQL statement parameter marker values are :  
06 Sep 2013 18:24:05,360 [APP   ]  - [JDBJ]             Param1 : SAHME     _Types.VARCHAR, 
06 Sep 2013 18:24:05,382 [APP   ]  - [JDBJ]            SELECT T0.WBJPO,T0.WBUID,T0.WBOID,T0.WBLNGPREF,T0.WBJVER FROM JDELocal_DV910.F989999 T0, JDELocal_DV910.F989998 T1  WHERE ((T1.WBJOBID = ?  AND T0.WBUID = ? )) AND (T0.WBOID = T1.WBOID) 
06 Sep 2013 18:24:05,382 [APP   ]  - [JDBJ]             SQL statement parameter marker values are :  
06 Sep 2013 18:24:05,383 [APP   ]  - [JDBJ]             Param1 : TABLE-F00921_Types.LONGVARCHAR, 
06 Sep 2013 18:24:05,383 [APP   ]  - [JDBJ]             Param2 : DEFAULT             _Types.VARCHAR, 
06 Sep 2013 18:24:05,742 [APP   ]  - [JDBJ]            SELECT ULUSER,ULLNGP,ULCO,ULFRMT,ULDSEP,ULDECF,ULVRSP,ULCUR,ULCTR,ULUTCTIME,ULTIMEFORM,ULRIGHTLEFT,ULFUTTIME4,ULFUTTIME FROM SY910.F00921 WHERE (ULUSER = ? ) 
06 Sep 2013 18:24:05,742 [APP   ]  - [JDBJ]             SQL statement parameter marker values are :  
06 Sep 2013 18:24:05,742 [APP   ]  - [JDBJ]             Param1 : SAHME     _Types.VARCHAR, 
06 Sep 2013 18:24:05,907 [APP   ]  - [JDBJ]            SELECT OMENHV,OMDATP,OMSRVR,OMDATB,OMOOWN,OMDLLNAME,OMLL,OMLIB,OMOMUI,OMOMTO,OMOMDS,OMOMJD,OMOMCC,OMDSTP,OMPID,OMDATUSE,OMUSER,OMOCM1,OMJOBN,OMOCM2,OMUPMJ,OMOCM3,OMUPMT,OMOCMA,OMOCMB,OMOCMC,OMOCMDSC,OMSVRPORT,OMDATB2,OMLOBFLG,OMUNICODE,OMDBINST FROM SY910.F98611 WHERE (OMDATP = ? ) 
06 Sep 2013 18:24:05,907 [APP   ]  - [JDBJ]             SQL statement parameter marker values are :  
06 Sep 2013 18:24:05,908 [APP   ]  - [JDBJ]             Param1 : Control Tables - Test         _Types.VARCHAR, 
06 Sep 2013 18:24:05,922 [APP   ]  - [JDBJ]            SELECT T0.WBJPO,T0.WBUID,T0.WBOID,T0.WBLNGPREF,T0.WBJVER FROM JDELocal_DV910.F989999 T0, JDELocal_DV910.F989998 T1  WHERE ((T1.WBJOBID = ?  AND T0.WBUID = ? )) AND (T0.WBOID = T1.WBOID) 
06 Sep 2013 18:24:05,922 [APP   ]  - [JDBJ]             SQL statement parameter marker values are :  
06 Sep 2013 18:24:05,923 [APP   ]  - [JDBJ]             Param1 : TABLE-F0004_Types.LONGVARCHAR, 
06 Sep 2013 18:24:05,923 [APP   ]  - [JDBJ]             Param2 : DEFAULT             _Types.VARCHAR, 
06 Sep 2013 18:24:06,184 [APP   ]  - [JDBJ]            SELECT DTDL01,DTCDL FROM TESTCTL.F0004 WHERE ((DTSY = ?  AND DTRT = ? )) 
06 Sep 2013 18:24:06,185 [APP   ]  - [JDBJ]             SQL statement parameter marker values are :  
06 Sep 2013 18:24:06,185 [APP   ]  - [JDBJ]             Param1 : 01  _Types.VARCHAR, 
06 Sep 2013 18:24:06,185 [APP   ]  - [JDBJ]             Param2 : LP_Types.VARCHAR, 
06 Sep 2013 18:24:06,205 [APP   ]  - [JDBJ]            SELECT T0.WBJPO,T0.WBUID,T0.WBOID,T0.WBLNGPREF,T0.WBJVER FROM JDELocal_DV910.F989999 T0, JDELocal_DV910.F989998 T1  WHERE ((T1.WBJOBID = ?  AND T0.WBUID = ? )) AND (T0.WBOID = T1.WBOID) 
06 Sep 2013 18:24:06,205 [APP   ]  - [JDBJ]             SQL statement parameter marker values are :  
06 Sep 2013 18:24:06,205 [APP   ]  - [JDBJ]             Param1 : TABLE-F0005_Types.LONGVARCHAR, 
06 Sep 2013 18:24:06,206 [APP   ]  - [JDBJ]             Param2 : DEFAULT             _Types.VARCHAR, 
06 Sep 2013 18:24:06,712 [APP   ]  - [JDBJ]            SELECT DRDL01,DRDL02,DRKY,DRSPHD,DRUDCO,DRHRDC FROM TESTCTL.F0005 WHERE ((DRSY = ?  AND DRRT = ?  AND DRKY = ? )) 
06 Sep 2013 18:24:06,713 [APP   ]  - [JDBJ]             SQL statement parameter marker values are :  
06 Sep 2013 18:24:06,713 [APP   ]  - [JDBJ]             Param1 : 01  _Types.VARCHAR, 
06 Sep 2013 18:24:06,713 [APP   ]  - [JDBJ]             Param2 : LP_Types.VARCHAR, 
06 Sep 2013 18:24:06,714 [APP   ]  - [JDBJ]             Param3 :           _Types.VARCHAR, 
06 Sep 2013 18:24:06,730 [APP   ]  - [JDBJ]            SELECT T0.WBJPO,T0.WBUID,T0.WBOID,T0.WBLNGPREF,T0.WBJVER FROM JDELocal_DV910.F989999 T0, JDELocal_DV910.F989998 T1  WHERE ((T1.WBJOBID = ?  AND T0.WBUID = ? )) AND (T0.WBOID = T1.WBOID) 
06 Sep 2013 18:24:06,730 [APP   ]  - [JDBJ]             SQL statement parameter marker values are :  
06 Sep 2013 18:24:06,731 [APP   ]  - [JDBJ]             Param1 : TABLE-F9861_Types.LONGVARCHAR, 
06 Sep 2013 18:24:06,731 [APP   ]  - [JDBJ]             Param2 : DEFAULT             _Types.VARCHAR, 
06 Sep 2013 18:24:07,078 [APP   ]  - [JDBJ]            SELECT SIOBNM,SIPATHCD,SISTCE FROM OL910.F9861 WHERE ((SIOBNM = ?  AND SIPATHCD = ?  AND SISTCE = ? )) 
06 Sep 2013 18:24:07,078 [APP   ]  - [JDBJ]             SQL statement parameter marker values are :  
06 Sep 2013 18:24:07,079 [APP   ]  - [JDBJ]             Param1 : F95300    _Types.VARCHAR, 
06 Sep 2013 18:24:07,079 [APP   ]  - [JDBJ]             Param2 : DV910     _Types.VARCHAR, 
06 Sep 2013 18:24:07,079 [APP   ]  - [JDBJ]             Param3 : 1_Types.VARCHAR, 
06 Sep 2013 18:24:07,106 [APP   ]  - [JDBJ]            SELECT T0.WBJPO,T0.WBUID,T0.WBOID,T0.WBLNGPREF,T0.WBJVER FROM JDELocal_DV910.F989999 T0, JDELocal_DV910.F989998 T1  WHERE ((T1.WBJOBID = ?  AND T0.WBUID = ? )) AND (T0.WBOID = T1.WBOID) 
06 Sep 2013 18:24:07,106 [APP   ]  - [JDBJ]             SQL statement parameter marker values are :  
06 Sep 2013 18:24:07,107 [APP   ]  - [JDBJ]             Param1 : TABLE-F95311_Types.LONGVARCHAR, 
06 Sep 2013 18:24:07,107 [APP   ]  - [JDBJ]             Param2 : DEFAULT             _Types.VARCHAR, 
06 Sep 2013 18:24:07,319 [APP   ]  - [JDBJ]            SELECT TSTBLGRP FROM SY910.F95311 WHERE ((TSTGKEY1 = ?  AND TSTGKEY2 = ?  AND TSTGTYP = ? )) 
06 Sep 2013 18:24:07,319 [APP   ]  - [JDBJ]             SQL statement parameter marker values are :  
06 Sep 2013 18:24:07,320 [APP   ]  - [JDBJ]             Param1 : 01                            _Types.VARCHAR, 
06 Sep 2013 18:24:07,320 [APP   ]  - [JDBJ]             Param2 : LP        _Types.VARCHAR, 
06 Sep 2013 18:24:07,320 [APP   ]  - [JDBJ]             Param3 : UDC _Types.VARCHAR, 
06 Sep 2013 18:24:07,375 [APP   ]  - [JDBJ]            SELECT T0.WBJPO,T0.WBUID,T0.WBOID,T0.WBLNGPREF,T0.WBJVER FROM JDELocal_DV910.F989999 T0, JDELocal_DV910.F989998 T1  WHERE ((T1.WBJOBID = ?  AND T0.WBUID = ? )) AND (T0.WBOID = T1.WBOID) 
06 Sep 2013 18:24:07,375 [APP   ]  - [JDBJ]             SQL statement parameter marker values are :  
06 Sep 2013 18:24:07,375 [APP   ]  - [JDBJ]             Param1 : TABLE-F00922_Types.LONGVARCHAR, 
06 Sep 2013 18:24:07,376 [APP   ]  - [JDBJ]             Param2 : DEFAULT             _Types.VARCHAR, 
06 Sep 2013 18:24:07,446 [APP   ]  - [JDBJ]            SELECT ULUSER,ULICDS,ULMLTL,ULCNFGNM,ULMKEY FROM SY910.F00922 WHERE ((ULUSER = ? )) 
06 Sep 2013 18:24:07,446 [APP   ]  - [JDBJ]             SQL statement parameter marker values are :  
06 Sep 2013 18:24:07,447 [APP   ]  - [JDBJ]             Param1 : SAHME     _Types.VARCHAR, 
06 Sep 2013 18:24:07,480 [WARN  ]  - [JAS]             SecurityServer already exists, no override allowed 
06 Sep 2013 18:24:07,843 [APP   ]  - [JDBJ]            An exclusive row security entry was found.  Inclusive row security is in effect., User = SAHME, Environment: DV910, Role:*ALL 
06 Sep 2013 18:24:07,857 [APP   ]  - [JDBJ]            SELECT T0.WBJPO,T0.WBUID,T0.WBOID,T0.WBLNGPREF,T0.WBJVER FROM JDELocal_DV910.F989999 T0, JDELocal_DV910.F989998 T1  WHERE ((T1.WBJOBID = ?  AND T0.WBUID = ? )) AND (T0.WBOID = T1.WBOID) 
06 Sep 2013 18:24:07,858 [APP   ]  - [JDBJ]             SQL statement parameter marker values are :  
06 Sep 2013 18:24:07,858 [APP   ]  - [JDBJ]             Param1 : TABLE-F00941_Types.LONGVARCHAR, 
06 Sep 2013 18:24:07,858 [APP   ]  - [JDBJ]             Param2 : DEFAULT             _Types.VARCHAR, 
06 Sep 2013 18:24:08,205 [APP   ]  - [JDBJ]            SELECT LMLL,LMRLS,LMPATHCD,LMENHV01 FROM SY910.F00941 WHERE (LMLL = ? ) 
06 Sep 2013 18:24:08,205 [APP   ]  - [JDBJ]             SQL statement parameter marker values are :  
06 Sep 2013 18:24:08,205 [APP   ]  - [JDBJ]             Param1 : DV910     _Types.VARCHAR, 
06 Sep 2013 18:24:08,458 [APP   ]  - [JDBJ]            SELECT T1.RLFRROLE,T1.RLFUROLE1,T2.AUROLEDESC,T1.RLEXPIRDATE,T2.AUSEQNO,T2.AULNGP,T2.AUUSER FROM SY910.F0093 T0, SY910.F95921 T1, SY910.F00926 T2  WHERE ((T1.RLTOROLE = ?  AND  EXISTS( SELECT T0.LLLL FROM SY910.F0093 T0, SY910.F00941 T1 WHERE ((T1.LMENHV01 = ?  AND T1.LMPATHCD IN  (  ?  )  AND T0.LLUSER = RLFRROLE)) AND (T0.LLLL = T1.LMLL) ) AND T0.LLLL = ?  AND (T2.AULNGP = ?  OR T2.AULNGP = ? ) AND T1.RLEFFDATE <= ?  AND (T1.RLEXPIRDATE = ?  OR T1.RLEXPIRDATE > ? ) AND T1.RLFUROLE1 = ? )) AND (T0.LLUSER = T1.RLFRROLE AND T1.RLFRROLE = T2.AUUSER) ORDER BY T2.AUSEQNO DESC  
06 Sep 2013 18:24:08,459 [APP   ]  - [JDBJ]             SQL statement parameter marker values are :  
06 Sep 2013 18:24:08,459 [APP   ]  - [JDBJ]             Param1 : SAHME          _Types.VARCHAR, 
06 Sep 2013 18:24:08,459 [APP   ]  - [JDBJ]             Param2 : 1   _Types.VARCHAR, 
06 Sep 2013 18:24:08,460 [APP   ]  - [JDBJ]             Param3 : DV910     _Types.VARCHAR, 
06 Sep 2013 18:24:08,460 [APP   ]  - [JDBJ]             Param4 : DV910     _Types.VARCHAR, 
06 Sep 2013 18:24:08,460 [APP   ]  - [JDBJ]             Param5 :   _Types.VARCHAR, 
06 Sep 2013 18:24:08,461 [APP   ]  - [JDBJ]             Param6 :   _Types.VARCHAR, 
06 Sep 2013 18:24:08,461 [APP   ]  - [JDBJ]             Param7 : 113249_Types.INTEGER, 
06 Sep 2013 18:24:08,461 [APP   ]  - [JDBJ]             Param8 : 0_Types.INTEGER, 
06 Sep 2013 18:24:08,462 [APP   ]  - [JDBJ]             Param9 : 113249_Types.INTEGER, 
06 Sep 2013 18:24:08,462 [APP   ]  - [JDBJ]             Param10 : 1_Types.VARCHAR, 
06 Sep 2013 18:26:25,640 [APP   ]  - [JDBJ]            SELECT T0.WBJPO,T0.WBUID,T0.WBOID,T0.WBLNGPREF,T0.WBJVER FROM JDELocal_DV910.F989999 T0, JDELocal_DV910.F989998 T1  WHERE ((T1.WBJOBID = ?  AND T0.WBUID = ? )) AND (T0.WBOID = T1.WBOID) 
06 Sep 2013 18:26:25,640 [APP   ]  - [JDBJ]             SQL statement parameter marker values are :  
06 Sep 2013 18:26:25,641 [APP   ]  - [JDBJ]             Param1 : TABLE-F560205_Types.LONGVARCHAR, 
06 Sep 2013 18:26:25,641 [APP   ]  - [JDBJ]             Param2 : DEFAULT             _Types.VARCHAR, 
