05 Sep 2013 17:44:31,070 [MANDATORY]  - [JDBJ]            This server is running as part of a H4A, Mobile, or StandAlone Win32 E1 client. 
05 Sep 2013 17:44:31,070 [MANDATORY]  - [JDBJ]            The attached Win32 E1 Development Client will notify this server when to regenerate Serialized Objects automatically. 
05 Sep 2013 17:44:31,091 [MANDATORY]  - [JDBJ]            This server will use the the <E1 Client Install Location>/DV910/spec/spec.ini file to access the package specs for on-demand generation. 
05 Sep 2013 17:44:40,865 [WARN  ]  - [JAS]             SecurityServer already exists, no override allowed 
05 Sep 2013 17:45:38,115 [MANDATORY]  - [GENERATOR]       GenFromJNIFlag: Setting value [false] in cache. 
05 Sep 2013 17:45:42,947 [SEVERE]  - [BASE]            com.jdedwards.database.base.JDBException: [WEBJITI_ERROR] Demand generation failed for BSFNUBEDSTR-D5643001A: null 
05 Sep 2013 17:45:42,948 [SEVERE]  - [BASE]            com.jdedwards.database.base.JDBException: [WEBJITI_ERROR] Demand generation failed for BSFNUBEDSTR-D5643001A: null com.jdedwards.database.base.JDBException: [WEBJITI_ERROR] Demand generation failed for BSFNUBEDSTR-D5643001A: null
05 Sep 2013 17:45:42,948 [SEVERE]  - [BASE]            com.jdedwards.base.spec.SpecException: [WEBJITI_ERROR] Demand generation failed for BSFNUBEDSTR-D5643001A: {1} com.jdedwards.database.base.JDBException: [WEBJITI_ERROR] Demand generation failed for BSFNUBEDSTR-D5643001A: null
05 Sep 2013 17:45:42,949 [SEVERE]  - [BASE]            com.jdedwards.base.spec.SpecException: [WEBJITI_ERROR] Demand generation failed for BSFNUBEDSTR-D5643001A: {1} com.jdedwards.base.spec.SpecException: [WEBJITI_ERROR] Demand generation failed for BSFNUBEDSTR-D5643001A: {1}
05 Sep 2013 17:45:42,949 [SEVERE]  - [INTEROP]         [WEBJITI_ERROR] Demand generation failed for BSFNUBEDSTR-D5643001A: {1} com.jdedwards.system.connector.dynamic.spec.SpecFailureException: [WEBJITI_ERROR] Demand generation failed for BSFNUBEDSTR-D5643001A: {1}
05 Sep 2013 17:45:42,950 [SEVERE]  - [BSSVFRAMEWORK]    [Context ID: 10.100.96.157:61240:1378417455758:0]    BSFNServiceException: Error in fetching the specs for business function :BE_LaunchR43500WithRI oracle.e1.bssvfoundation.exception.BSFNServiceRuntimeException: Error in fetching the specs for business function :BE_LaunchR43500WithRI
05 Sep 2013 18:31:32,132 [MANDATORY]  - [JDBJ]            This server is running as part of a H4A, Mobile, or StandAlone Win32 E1 client. 
05 Sep 2013 18:31:32,132 [MANDATORY]  - [JDBJ]            The attached Win32 E1 Development Client will notify this server when to regenerate Serialized Objects automatically. 
05 Sep 2013 18:31:32,155 [MANDATORY]  - [JDBJ]            This server will use the the <E1 Client Install Location>/DV910/spec/spec.ini file to access the package specs for on-demand generation. 
05 Sep 2013 18:31:43,748 [WARN  ]  - [JAS]             SecurityServer already exists, no override allowed 
05 Sep 2013 18:32:57,277 [MANDATORY]  - [GENERATOR]       GenFromJNIFlag: Setting value [false] in cache. 
05 Sep 2013 18:33:00,989 [SEVERE]  - [BASE]            com.jdedwards.database.base.JDBException: [WEBJITI_ERROR] Demand generation failed for BSFNUBEDSTR-D5643001A: null 
05 Sep 2013 18:33:00,989 [SEVERE]  - [BASE]            com.jdedwards.database.base.JDBException: [WEBJITI_ERROR] Demand generation failed for BSFNUBEDSTR-D5643001A: null com.jdedwards.database.base.JDBException: [WEBJITI_ERROR] Demand generation failed for BSFNUBEDSTR-D5643001A: null
05 Sep 2013 18:33:00,990 [SEVERE]  - [BASE]            com.jdedwards.base.spec.SpecException: [WEBJITI_ERROR] Demand generation failed for BSFNUBEDSTR-D5643001A: {1} com.jdedwards.database.base.JDBException: [WEBJITI_ERROR] Demand generation failed for BSFNUBEDSTR-D5643001A: null
05 Sep 2013 18:33:00,990 [SEVERE]  - [BASE]            com.jdedwards.base.spec.SpecException: [WEBJITI_ERROR] Demand generation failed for BSFNUBEDSTR-D5643001A: {1} com.jdedwards.base.spec.SpecException: [WEBJITI_ERROR] Demand generation failed for BSFNUBEDSTR-D5643001A: {1}
05 Sep 2013 18:33:00,991 [SEVERE]  - [INTEROP]         [WEBJITI_ERROR] Demand generation failed for BSFNUBEDSTR-D5643001A: {1} com.jdedwards.system.connector.dynamic.spec.SpecFailureException: [WEBJITI_ERROR] Demand generation failed for BSFNUBEDSTR-D5643001A: {1}
05 Sep 2013 18:33:00,992 [SEVERE]  - [BSSVFRAMEWORK]    [Context ID: 10.100.96.157:61333:1378420279884:0]    BSFNServiceException: Error in fetching the specs for business function :BE_LaunchR43500WithRI oracle.e1.bssvfoundation.exception.BSFNServiceRuntimeException: Error in fetching the specs for business function :BE_LaunchR43500WithRI
05 Sep 2013 18:56:13,377 [MANDATORY]  - [JDBJ]            This server is running as part of a H4A, Mobile, or StandAlone Win32 E1 client. 
05 Sep 2013 18:56:13,377 [MANDATORY]  - [JDBJ]            The attached Win32 E1 Development Client will notify this server when to regenerate Serialized Objects automatically. 
05 Sep 2013 18:56:13,397 [MANDATORY]  - [JDBJ]            This server will use the the <E1 Client Install Location>/DV910/spec/spec.ini file to access the package specs for on-demand generation. 
05 Sep 2013 18:56:17,956 [WARN  ]  - [JAS]             SecurityServer already exists, no override allowed 
05 Sep 2013 18:56:18,776 [MANDATORY]  - [GENERATOR]       GenFromJNIFlag: Setting value [false] in cache. 
05 Sep 2013 18:56:21,333 [SEVERE]  - [BASE]            com.jdedwards.database.base.JDBException: [WEBJITI_ERROR] Demand generation failed for BSFNUBEDSTR-D5643001A: null 
05 Sep 2013 18:56:21,333 [SEVERE]  - [BASE]            com.jdedwards.database.base.JDBException: [WEBJITI_ERROR] Demand generation failed for BSFNUBEDSTR-D5643001A: null com.jdedwards.database.base.JDBException: [WEBJITI_ERROR] Demand generation failed for BSFNUBEDSTR-D5643001A: null
05 Sep 2013 18:56:21,333 [SEVERE]  - [BASE]            com.jdedwards.base.spec.SpecException: [WEBJITI_ERROR] Demand generation failed for BSFNUBEDSTR-D5643001A: {1} com.jdedwards.database.base.JDBException: [WEBJITI_ERROR] Demand generation failed for BSFNUBEDSTR-D5643001A: null
05 Sep 2013 18:56:21,333 [SEVERE]  - [BASE]            com.jdedwards.base.spec.SpecException: [WEBJITI_ERROR] Demand generation failed for BSFNUBEDSTR-D5643001A: {1} com.jdedwards.base.spec.SpecException: [WEBJITI_ERROR] Demand generation failed for BSFNUBEDSTR-D5643001A: {1}
05 Sep 2013 18:56:21,334 [SEVERE]  - [INTEROP]         [WEBJITI_ERROR] Demand generation failed for BSFNUBEDSTR-D5643001A: {1} com.jdedwards.system.connector.dynamic.spec.SpecFailureException: [WEBJITI_ERROR] Demand generation failed for BSFNUBEDSTR-D5643001A: {1}
05 Sep 2013 18:56:21,334 [SEVERE]  - [BSSVFRAMEWORK]    [Context ID: 10.100.96.157:61405:1378421768251:0]    BSFNServiceException: Error in fetching the specs for business function :BE_LaunchR43500WithRI oracle.e1.bssvfoundation.exception.BSFNServiceRuntimeException: Error in fetching the specs for business function :BE_LaunchR43500WithRI
05 Sep 2013 19:04:56,140 [MANDATORY]  - [JDBJ]            This server is running as part of a H4A, Mobile, or StandAlone Win32 E1 client. 
05 Sep 2013 19:04:56,140 [MANDATORY]  - [JDBJ]            The attached Win32 E1 Development Client will notify this server when to regenerate Serialized Objects automatically. 
05 Sep 2013 19:04:56,151 [MANDATORY]  - [JDBJ]            This server will use the the <E1 Client Install Location>/DV910/spec/spec.ini file to access the package specs for on-demand generation. 
05 Sep 2013 19:04:58,789 [WARN  ]  - [JAS]             SecurityServer already exists, no override allowed 
05 Sep 2013 19:04:59,991 [MANDATORY]  - [GENERATOR]       GenFromJNIFlag: Setting value [false] in cache. 
05 Sep 2013 19:05:02,484 [SEVERE]  - [BASE]            com.jdedwards.database.base.JDBException: [WEBJITI_ERROR] Demand generation failed for BSFNUBEDSTR-D5643001A: null 
05 Sep 2013 19:05:02,484 [SEVERE]  - [BASE]            com.jdedwards.database.base.JDBException: [WEBJITI_ERROR] Demand generation failed for BSFNUBEDSTR-D5643001A: null com.jdedwards.database.base.JDBException: [WEBJITI_ERROR] Demand generation failed for BSFNUBEDSTR-D5643001A: null
05 Sep 2013 19:05:02,485 [SEVERE]  - [BASE]            com.jdedwards.base.spec.SpecException: [WEBJITI_ERROR] Demand generation failed for BSFNUBEDSTR-D5643001A: {1} com.jdedwards.database.base.JDBException: [WEBJITI_ERROR] Demand generation failed for BSFNUBEDSTR-D5643001A: null
05 Sep 2013 19:05:02,485 [SEVERE]  - [BASE]            com.jdedwards.base.spec.SpecException: [WEBJITI_ERROR] Demand generation failed for BSFNUBEDSTR-D5643001A: {1} com.jdedwards.base.spec.SpecException: [WEBJITI_ERROR] Demand generation failed for BSFNUBEDSTR-D5643001A: {1}
05 Sep 2013 19:05:02,485 [SEVERE]  - [INTEROP]         [WEBJITI_ERROR] Demand generation failed for BSFNUBEDSTR-D5643001A: {1} com.jdedwards.system.connector.dynamic.spec.SpecFailureException: [WEBJITI_ERROR] Demand generation failed for BSFNUBEDSTR-D5643001A: {1}
05 Sep 2013 19:05:02,485 [SEVERE]  - [BSSVFRAMEWORK]    [Context ID: 10.100.96.157:61484:1378422291752:0]    BSFNServiceException: Error in fetching the specs for business function :BE_LaunchR43500WithRI oracle.e1.bssvfoundation.exception.BSFNServiceRuntimeException: Error in fetching the specs for business function :BE_LaunchR43500WithRI
05 Sep 2013 19:09:14,118 [MANDATORY]  - [JDBJ]            This server is running as part of a H4A, Mobile, or StandAlone Win32 E1 client. 
05 Sep 2013 19:09:14,119 [MANDATORY]  - [JDBJ]            The attached Win32 E1 Development Client will notify this server when to regenerate Serialized Objects automatically. 
05 Sep 2013 19:09:14,140 [MANDATORY]  - [JDBJ]            This server will use the the <E1 Client Install Location>/DV910/spec/spec.ini file to access the package specs for on-demand generation. 
05 Sep 2013 19:09:21,569 [WARN  ]  - [JAS]             SecurityServer already exists, no override allowed 
05 Sep 2013 19:09:36,748 [MANDATORY]  - [GENERATOR]       GenFromJNIFlag: Setting value [false] in cache. 
05 Sep 2013 19:09:40,533 [SEVERE]  - [BASE]            com.jdedwards.database.base.JDBException: [WEBJITI_ERROR] Demand generation failed for BSFNUBEDSTR-D5643001A: null 
05 Sep 2013 19:09:40,534 [SEVERE]  - [BASE]            com.jdedwards.database.base.JDBException: [WEBJITI_ERROR] Demand generation failed for BSFNUBEDSTR-D5643001A: null com.jdedwards.database.base.JDBException: [WEBJITI_ERROR] Demand generation failed for BSFNUBEDSTR-D5643001A: null
05 Sep 2013 19:09:40,535 [SEVERE]  - [BASE]            com.jdedwards.base.spec.SpecException: [WEBJITI_ERROR] Demand generation failed for BSFNUBEDSTR-D5643001A: {1} com.jdedwards.database.base.JDBException: [WEBJITI_ERROR] Demand generation failed for BSFNUBEDSTR-D5643001A: null
05 Sep 2013 19:09:40,535 [SEVERE]  - [BASE]            com.jdedwards.base.spec.SpecException: [WEBJITI_ERROR] Demand generation failed for BSFNUBEDSTR-D5643001A: {1} com.jdedwards.base.spec.SpecException: [WEBJITI_ERROR] Demand generation failed for BSFNUBEDSTR-D5643001A: {1}
05 Sep 2013 19:09:40,536 [SEVERE]  - [INTEROP]         [WEBJITI_ERROR] Demand generation failed for BSFNUBEDSTR-D5643001A: {1} com.jdedwards.system.connector.dynamic.spec.SpecFailureException: [WEBJITI_ERROR] Demand generation failed for BSFNUBEDSTR-D5643001A: {1}
05 Sep 2013 19:09:40,537 [SEVERE]  - [BSSVFRAMEWORK]    [Context ID: 10.100.96.157:61501:1378422541254:0]    BSFNServiceException: Error in fetching the specs for business function :BE_LaunchR43500WithRI oracle.e1.bssvfoundation.exception.BSFNServiceRuntimeException: Error in fetching the specs for business function :BE_LaunchR43500WithRI
05 Sep 2013 19:11:38,041 [MANDATORY]  - [JDBJ]            This server is running as part of a H4A, Mobile, or StandAlone Win32 E1 client. 
05 Sep 2013 19:11:38,042 [MANDATORY]  - [JDBJ]            The attached Win32 E1 Development Client will notify this server when to regenerate Serialized Objects automatically. 
05 Sep 2013 19:11:38,063 [MANDATORY]  - [JDBJ]            This server will use the the <E1 Client Install Location>/DV910/spec/spec.ini file to access the package specs for on-demand generation. 
05 Sep 2013 19:11:45,434 [WARN  ]  - [JAS]             SecurityServer already exists, no override allowed 
05 Sep 2013 19:13:27,505 [MANDATORY]  - [GENERATOR]       GenFromJNIFlag: Setting value [false] in cache. 
05 Sep 2013 19:13:31,195 [SEVERE]  - [BASE]            com.jdedwards.database.base.JDBException: [WEBJITI_ERROR] Demand generation failed for BSFNUBEDSTR-D5643001A: null 
05 Sep 2013 19:13:31,195 [SEVERE]  - [BASE]            com.jdedwards.database.base.JDBException: [WEBJITI_ERROR] Demand generation failed for BSFNUBEDSTR-D5643001A: null com.jdedwards.database.base.JDBException: [WEBJITI_ERROR] Demand generation failed for BSFNUBEDSTR-D5643001A: null
05 Sep 2013 19:13:31,196 [SEVERE]  - [BASE]            com.jdedwards.base.spec.SpecException: [WEBJITI_ERROR] Demand generation failed for BSFNUBEDSTR-D5643001A: {1} com.jdedwards.database.base.JDBException: [WEBJITI_ERROR] Demand generation failed for BSFNUBEDSTR-D5643001A: null
05 Sep 2013 19:13:31,196 [SEVERE]  - [BASE]            com.jdedwards.base.spec.SpecException: [WEBJITI_ERROR] Demand generation failed for BSFNUBEDSTR-D5643001A: {1} com.jdedwards.base.spec.SpecException: [WEBJITI_ERROR] Demand generation failed for BSFNUBEDSTR-D5643001A: {1}
05 Sep 2013 19:13:31,197 [SEVERE]  - [INTEROP]         [WEBJITI_ERROR] Demand generation failed for BSFNUBEDSTR-D5643001A: {1} com.jdedwards.system.connector.dynamic.spec.SpecFailureException: [WEBJITI_ERROR] Demand generation failed for BSFNUBEDSTR-D5643001A: {1}
05 Sep 2013 19:13:31,198 [SEVERE]  - [BSSVFRAMEWORK]    [Context ID: 10.100.96.157:61534:1378422685855:0]    BSFNServiceException: Error in fetching the specs for business function :BE_LaunchR43500WithRI oracle.e1.bssvfoundation.exception.BSFNServiceRuntimeException: Error in fetching the specs for business function :BE_LaunchR43500WithRI
05 Sep 2013 19:17:26,877 [MANDATORY]  - [JDBJ]            This server is running as part of a H4A, Mobile, or StandAlone Win32 E1 client. 
05 Sep 2013 19:17:26,878 [MANDATORY]  - [JDBJ]            The attached Win32 E1 Development Client will notify this server when to regenerate Serialized Objects automatically. 
05 Sep 2013 19:17:26,911 [MANDATORY]  - [JDBJ]            This server will use the the <E1 Client Install Location>/DV910/spec/spec.ini file to access the package specs for on-demand generation. 
05 Sep 2013 19:17:34,449 [WARN  ]  - [JAS]             SecurityServer already exists, no override allowed 
05 Sep 2013 19:18:08,064 [MANDATORY]  - [GENERATOR]       GenFromJNIFlag: Setting value [false] in cache. 
05 Sep 2013 19:18:11,720 [SEVERE]  - [BASE]            com.jdedwards.database.base.JDBException: [WEBJITI_ERROR] Demand generation failed for BSFNUBEDSTR-D5643001A: null 
05 Sep 2013 19:18:11,720 [SEVERE]  - [BASE]            com.jdedwards.database.base.JDBException: [WEBJITI_ERROR] Demand generation failed for BSFNUBEDSTR-D5643001A: null com.jdedwards.database.base.JDBException: [WEBJITI_ERROR] Demand generation failed for BSFNUBEDSTR-D5643001A: null
05 Sep 2013 19:18:11,721 [SEVERE]  - [BASE]            com.jdedwards.base.spec.SpecException: [WEBJITI_ERROR] Demand generation failed for BSFNUBEDSTR-D5643001A: {1} com.jdedwards.database.base.JDBException: [WEBJITI_ERROR] Demand generation failed for BSFNUBEDSTR-D5643001A: null
05 Sep 2013 19:18:11,733 [SEVERE]  - [BASE]            com.jdedwards.base.spec.SpecException: [WEBJITI_ERROR] Demand generation failed for BSFNUBEDSTR-D5643001A: {1} com.jdedwards.base.spec.SpecException: [WEBJITI_ERROR] Demand generation failed for BSFNUBEDSTR-D5643001A: {1}
05 Sep 2013 19:18:11,733 [SEVERE]  - [INTEROP]         [WEBJITI_ERROR] Demand generation failed for BSFNUBEDSTR-D5643001A: {1} com.jdedwards.system.connector.dynamic.spec.SpecFailureException: [WEBJITI_ERROR] Demand generation failed for BSFNUBEDSTR-D5643001A: {1}
05 Sep 2013 19:18:11,734 [SEVERE]  - [BSSVFRAMEWORK]    [Context ID: 10.100.96.157:61547:1378423035024:0]    BSFNServiceException: Error in fetching the specs for business function :BE_LaunchR43500WithRI oracle.e1.bssvfoundation.exception.BSFNServiceRuntimeException: Error in fetching the specs for business function :BE_LaunchR43500WithRI
